<?xml version="1.0" encoding="UTF-8"?>
<!-- Generated by org.testng.reporters.JUnitXMLReporter -->
<testsuite ignored="0" hostname="DESKTOP-6AQJ2AG" failures="0" tests="4" name="Test" time="25.12" errors="0" timestamp="2023-02-13T22:48:47 IST">
  <testcase classname="test.LoginTest" name="verifyBuildTitleName" time="0.016"/>
  <testcase classname="test.LoginTest" name="verifyurlOfLoginPage" time="0.011"/>
  <testcase classname="test.LoginTest" name="verifyTitleOfLoginPage" time="1.385"/>
  <testcase classname="test.LoginTest" name="verifyLoginPagewithcorrectcredential" time="3.279"/>
</testsuite> <!-- Test -->
