<?xml version="1.0" encoding="UTF-8"?>
<testng-results ignored="0" total="4" passed="4" failed="0" skipped="0">
  <reporter-output>
  </reporter-output>
  <suite started-at="2023-02-13T22:48:22 IST" name="Suite" finished-at="2023-02-13T22:48:47 IST" duration-ms="25120">
    <groups>
      <group name="regression">
        <method signature="LoginTest.verifyBuildTitleName()[pri:0, instance:test.LoginTest@d5b810e]" name="verifyBuildTitleName" class="test.LoginTest"/>
        <method signature="LoginTest.verifyLoginPagewithcorrectcredential()[pri:3, instance:test.LoginTest@d5b810e]" name="verifyLoginPagewithcorrectcredential" class="test.LoginTest"/>
        <method signature="LoginTest.verifyTitleOfLoginPage()[pri:2, instance:test.LoginTest@d5b810e]" name="verifyTitleOfLoginPage" class="test.LoginTest"/>
        <method signature="LoginTest.verifyurlOfLoginPage()[pri:1, instance:test.LoginTest@d5b810e]" name="verifyurlOfLoginPage" class="test.LoginTest"/>
      </group> <!-- regression -->
      <group name="smoke">
        <method signature="LoginTest.verifyBuildTitleName()[pri:0, instance:test.LoginTest@d5b810e]" name="verifyBuildTitleName" class="test.LoginTest"/>
        <method signature="LoginTest.verifyLoginPagewithcorrectcredential()[pri:3, instance:test.LoginTest@d5b810e]" name="verifyLoginPagewithcorrectcredential" class="test.LoginTest"/>
        <method signature="LoginTest.verifyTitleOfLoginPage()[pri:2, instance:test.LoginTest@d5b810e]" name="verifyTitleOfLoginPage" class="test.LoginTest"/>
        <method signature="LoginTest.verifyurlOfLoginPage()[pri:1, instance:test.LoginTest@d5b810e]" name="verifyurlOfLoginPage" class="test.LoginTest"/>
      </group> <!-- smoke -->
    </groups>
    <test started-at="2023-02-13T22:48:22 IST" name="Test" finished-at="2023-02-13T22:48:47 IST" duration-ms="25120">
      <class name="test.LoginTest">
        <test-method is-config="true" signature="initbrowser()[pri:0, instance:test.LoginTest@d5b810e]" started-at="2023-02-13T22:48:22 IST" name="initbrowser" finished-at="2023-02-13T22:48:41 IST" duration-ms="19180" status="PASS">
          <reporter-output>
          </reporter-output>
        </test-method> <!-- initbrowser -->
        <test-method is-config="true" signature="pageObject()[pri:0, instance:test.LoginTest@d5b810e]" started-at="2023-02-13T22:48:41 IST" name="pageObject" finished-at="2023-02-13T22:48:41 IST" duration-ms="20" status="PASS">
          <reporter-output>
          </reporter-output>
        </test-method> <!-- pageObject -->
        <test-method signature="verifyBuildTitleName()[pri:0, instance:test.LoginTest@d5b810e]" started-at="2023-02-13T22:48:41 IST" name="verifyBuildTitleName" finished-at="2023-02-13T22:48:41 IST" duration-ms="16" status="PASS">
          <reporter-output>
          </reporter-output>
        </test-method> <!-- verifyBuildTitleName -->
        <test-method signature="verifyurlOfLoginPage()[pri:1, instance:test.LoginTest@d5b810e]" started-at="2023-02-13T22:48:41 IST" name="verifyurlOfLoginPage" finished-at="2023-02-13T22:48:41 IST" duration-ms="11" status="PASS">
          <reporter-output>
          </reporter-output>
        </test-method> <!-- verifyurlOfLoginPage -->
        <test-method signature="verifyTitleOfLoginPage()[pri:2, instance:test.LoginTest@d5b810e]" started-at="2023-02-13T22:48:41 IST" name="verifyTitleOfLoginPage" finished-at="2023-02-13T22:48:43 IST" duration-ms="1385" status="PASS">
          <reporter-output>
          </reporter-output>
        </test-method> <!-- verifyTitleOfLoginPage -->
        <test-method signature="verifyLoginPagewithcorrectcredential()[pri:3, instance:test.LoginTest@d5b810e]" started-at="2023-02-13T22:48:43 IST" name="verifyLoginPagewithcorrectcredential" finished-at="2023-02-13T22:48:46 IST" duration-ms="3279" status="PASS">
          <reporter-output>
          </reporter-output>
        </test-method> <!-- verifyLoginPagewithcorrectcredential -->
        <test-method is-config="true" signature="tearDownEnviroment()[pri:0, instance:test.LoginTest@d5b810e]" started-at="2023-02-13T22:48:46 IST" name="tearDownEnviroment" finished-at="2023-02-13T22:48:47 IST" duration-ms="1190" status="PASS">
          <reporter-output>
          </reporter-output>
        </test-method> <!-- tearDownEnviroment -->
      </class> <!-- test.LoginTest -->
    </test> <!-- Test -->
  </suite> <!-- Suite -->
</testng-results>
