<?xml version="1.0" encoding="UTF-8"?>
<!-- Generated by org.testng.reporters.JUnitXMLReporter -->
<testsuite ignored="0" hostname="DESKTOP-6AQJ2AG" failures="0" tests="4" name="Default test" time="43.296" errors="0" timestamp="2023-02-13T22:29:34 IST">
  <testcase classname="test.LoginTest" name="verifyBuildTitleName" time="0.017"/>
  <testcase classname="test.LoginTest" name="verifyurlOfLoginPage" time="0.011"/>
  <testcase classname="test.LoginTest" name="verifyTitleOfLoginPage" time="0.834"/>
  <testcase classname="test.LoginTest" name="verifyLoginPagewithcorrectcredential" time="2.972"/>
</testsuite> <!-- Default test -->
